Performing C SOURCE FILE Test CMAKE_HAVE_LIBC_PTHREAD failed with the following output:
Change Dir: /home/arthur/Desktop/cpp mg/CMakeFiles/CMakeTmp

Run Build Command(s):/bin/make cmTC_a8105/fast && /bin/make -f CMakeFiles/cmTC_a8105.dir/build.make CMakeFiles/cmTC_a8105.dir/build
make[1]: Entering directory '/home/arthur/Desktop/cpp mg/CMakeFiles/CMakeTmp'
Building C object CMakeFiles/cmTC_a8105.dir/src.c.o
/bin/cc   -DCMAKE_HAVE_LIBC_PTHREAD   -o CMakeFiles/cmTC_a8105.dir/src.c.o   -c "/home/arthur/Desktop/cpp mg/CMakeFiles/CMakeTmp/src.c"
Linking C executable cmTC_a8105
/usr/bin/cmake -E cmake_link_script CMakeFiles/cmTC_a8105.dir/link.txt --verbose=1
/bin/cc  -DCMAKE_HAVE_LIBC_PTHREAD    CMakeFiles/cmTC_a8105.dir/src.c.o  -o cmTC_a8105 
/bin/ld: CMakeFiles/cmTC_a8105.dir/src.c.o: in function `main':
src.c:(.text+0x46): undefined reference to `pthread_create'
/bin/ld: src.c:(.text+0x52): undefined reference to `pthread_detach'
/bin/ld: src.c:(.text+0x63): undefined reference to `pthread_join'
collect2: error: ld returned 1 exit status
make[1]: *** [CMakeFiles/cmTC_a8105.dir/build.make:87: cmTC_a8105] Error 1
make[1]: Leaving directory '/home/arthur/Desktop/cpp mg/CMakeFiles/CMakeTmp'
make: *** [Makefile:121: cmTC_a8105/fast] Error 2


Source file was:
#include <pthread.h>

void* test_func(void* data)
{
  return data;
}

int main(void)
{
  pthread_t thread;
  pthread_create(&thread, NULL, test_func, NULL);
  pthread_detach(thread);
  pthread_join(thread, NULL);
  pthread_atfork(NULL, NULL, NULL);
  pthread_exit(NULL);

  return 0;
}

Determining if the function pthread_create exists in the pthreads failed with the following output:
Change Dir: /home/arthur/Desktop/cpp mg/CMakeFiles/CMakeTmp

Run Build Command(s):/bin/make cmTC_91146/fast && /bin/make -f CMakeFiles/cmTC_91146.dir/build.make CMakeFiles/cmTC_91146.dir/build
make[1]: Entering directory '/home/arthur/Desktop/cpp mg/CMakeFiles/CMakeTmp'
Building C object CMakeFiles/cmTC_91146.dir/CheckFunctionExists.c.o
/bin/cc   -DCHECK_FUNCTION_EXISTS=pthread_create   -o CMakeFiles/cmTC_91146.dir/CheckFunctionExists.c.o   -c /usr/share/cmake-3.16/Modules/CheckFunctionExists.c
Linking C executable cmTC_91146
/usr/bin/cmake -E cmake_link_script CMakeFiles/cmTC_91146.dir/link.txt --verbose=1
/bin/cc  -DCHECK_FUNCTION_EXISTS=pthread_create    CMakeFiles/cmTC_91146.dir/CheckFunctionExists.c.o  -o cmTC_91146  -lpthreads 
/bin/ld: cannot find -lpthreads
collect2: error: ld returned 1 exit status
make[1]: *** [CMakeFiles/cmTC_91146.dir/build.make:87: cmTC_91146] Error 1
make[1]: Leaving directory '/home/arthur/Desktop/cpp mg/CMakeFiles/CMakeTmp'
make: *** [Makefile:121: cmTC_91146/fast] Error 2



Performing C SOURCE FILE Test CMAKE_HAVE_LIBC_PTHREAD failed with the following output:
Change Dir: /home/arthur/Desktop/cpp mg/CMakeFiles/CMakeTmp

Run Build Command(s):/bin/make cmTC_1dec6/fast && /bin/make -f CMakeFiles/cmTC_1dec6.dir/build.make CMakeFiles/cmTC_1dec6.dir/build
make[1]: Entering directory '/home/arthur/Desktop/cpp mg/CMakeFiles/CMakeTmp'
Building C object CMakeFiles/cmTC_1dec6.dir/src.c.o
/bin/cc   -DCMAKE_HAVE_LIBC_PTHREAD   -o CMakeFiles/cmTC_1dec6.dir/src.c.o   -c "/home/arthur/Desktop/cpp mg/CMakeFiles/CMakeTmp/src.c"
Linking C executable cmTC_1dec6
/usr/bin/cmake -E cmake_link_script CMakeFiles/cmTC_1dec6.dir/link.txt --verbose=1
/bin/cc  -DCMAKE_HAVE_LIBC_PTHREAD    CMakeFiles/cmTC_1dec6.dir/src.c.o  -o cmTC_1dec6 
/bin/ld: CMakeFiles/cmTC_1dec6.dir/src.c.o: in function `main':
src.c:(.text+0x46): undefined reference to `pthread_create'
/bin/ld: src.c:(.text+0x52): undefined reference to `pthread_detach'
/bin/ld: src.c:(.text+0x63): undefined reference to `pthread_join'
collect2: error: ld returned 1 exit status
make[1]: *** [CMakeFiles/cmTC_1dec6.dir/build.make:87: cmTC_1dec6] Error 1
make[1]: Leaving directory '/home/arthur/Desktop/cpp mg/CMakeFiles/CMakeTmp'
make: *** [Makefile:121: cmTC_1dec6/fast] Error 2


Source file was:
#include <pthread.h>

void* test_func(void* data)
{
  return data;
}

int main(void)
{
  pthread_t thread;
  pthread_create(&thread, NULL, test_func, NULL);
  pthread_detach(thread);
  pthread_join(thread, NULL);
  pthread_atfork(NULL, NULL, NULL);
  pthread_exit(NULL);

  return 0;
}

Determining if the function pthread_create exists in the pthreads failed with the following output:
Change Dir: /home/arthur/Desktop/cpp mg/CMakeFiles/CMakeTmp

Run Build Command(s):/bin/make cmTC_12b12/fast && /bin/make -f CMakeFiles/cmTC_12b12.dir/build.make CMakeFiles/cmTC_12b12.dir/build
make[1]: Entering directory '/home/arthur/Desktop/cpp mg/CMakeFiles/CMakeTmp'
Building C object CMakeFiles/cmTC_12b12.dir/CheckFunctionExists.c.o
/bin/cc   -DCHECK_FUNCTION_EXISTS=pthread_create   -o CMakeFiles/cmTC_12b12.dir/CheckFunctionExists.c.o   -c /usr/share/cmake-3.16/Modules/CheckFunctionExists.c
Linking C executable cmTC_12b12
/usr/bin/cmake -E cmake_link_script CMakeFiles/cmTC_12b12.dir/link.txt --verbose=1
/bin/cc  -DCHECK_FUNCTION_EXISTS=pthread_create    CMakeFiles/cmTC_12b12.dir/CheckFunctionExists.c.o  -o cmTC_12b12  -lpthreads 
/bin/ld: cannot find -lpthreads
collect2: error: ld returned 1 exit status
make[1]: *** [CMakeFiles/cmTC_12b12.dir/build.make:87: cmTC_12b12] Error 1
make[1]: Leaving directory '/home/arthur/Desktop/cpp mg/CMakeFiles/CMakeTmp'
make: *** [Makefile:121: cmTC_12b12/fast] Error 2



Performing C SOURCE FILE Test CMAKE_HAVE_LIBC_PTHREAD failed with the following output:
Change Dir: /home/arthur/Desktop/cpp mg/CMakeFiles/CMakeTmp

Run Build Command(s):/bin/make cmTC_29fe6/fast && /bin/make -f CMakeFiles/cmTC_29fe6.dir/build.make CMakeFiles/cmTC_29fe6.dir/build
make[1]: Entering directory '/home/arthur/Desktop/cpp mg/CMakeFiles/CMakeTmp'
Building C object CMakeFiles/cmTC_29fe6.dir/src.c.o
/bin/cc   -DCMAKE_HAVE_LIBC_PTHREAD   -o CMakeFiles/cmTC_29fe6.dir/src.c.o   -c "/home/arthur/Desktop/cpp mg/CMakeFiles/CMakeTmp/src.c"
Linking C executable cmTC_29fe6
/usr/bin/cmake -E cmake_link_script CMakeFiles/cmTC_29fe6.dir/link.txt --verbose=1
/bin/cc  -DCMAKE_HAVE_LIBC_PTHREAD    CMakeFiles/cmTC_29fe6.dir/src.c.o  -o cmTC_29fe6 
/bin/ld: CMakeFiles/cmTC_29fe6.dir/src.c.o: in function `main':
src.c:(.text+0x46): undefined reference to `pthread_create'
/bin/ld: src.c:(.text+0x52): undefined reference to `pthread_detach'
/bin/ld: src.c:(.text+0x63): undefined reference to `pthread_join'
collect2: error: ld returned 1 exit status
make[1]: *** [CMakeFiles/cmTC_29fe6.dir/build.make:87: cmTC_29fe6] Error 1
make[1]: Leaving directory '/home/arthur/Desktop/cpp mg/CMakeFiles/CMakeTmp'
make: *** [Makefile:121: cmTC_29fe6/fast] Error 2


Source file was:
#include <pthread.h>

void* test_func(void* data)
{
  return data;
}

int main(void)
{
  pthread_t thread;
  pthread_create(&thread, NULL, test_func, NULL);
  pthread_detach(thread);
  pthread_join(thread, NULL);
  pthread_atfork(NULL, NULL, NULL);
  pthread_exit(NULL);

  return 0;
}

Determining if the function pthread_create exists in the pthreads failed with the following output:
Change Dir: /home/arthur/Desktop/cpp mg/CMakeFiles/CMakeTmp

Run Build Command(s):/bin/make cmTC_9713c/fast && /bin/make -f CMakeFiles/cmTC_9713c.dir/build.make CMakeFiles/cmTC_9713c.dir/build
make[1]: Entering directory '/home/arthur/Desktop/cpp mg/CMakeFiles/CMakeTmp'
Building C object CMakeFiles/cmTC_9713c.dir/CheckFunctionExists.c.o
/bin/cc   -DCHECK_FUNCTION_EXISTS=pthread_create   -o CMakeFiles/cmTC_9713c.dir/CheckFunctionExists.c.o   -c /usr/share/cmake-3.16/Modules/CheckFunctionExists.c
Linking C executable cmTC_9713c
/usr/bin/cmake -E cmake_link_script CMakeFiles/cmTC_9713c.dir/link.txt --verbose=1
/bin/cc  -DCHECK_FUNCTION_EXISTS=pthread_create    CMakeFiles/cmTC_9713c.dir/CheckFunctionExists.c.o  -o cmTC_9713c  -lpthreads 
/bin/ld: cannot find -lpthreads
collect2: error: ld returned 1 exit status
make[1]: *** [CMakeFiles/cmTC_9713c.dir/build.make:87: cmTC_9713c] Error 1
make[1]: Leaving directory '/home/arthur/Desktop/cpp mg/CMakeFiles/CMakeTmp'
make: *** [Makefile:121: cmTC_9713c/fast] Error 2



